# Logfile created on Mon Sep 08 16:18:19 +0000 2008 by /
rebuild index: []
reindexing model Contact
reindex model Contact : 0.00% complete : 0.03 secs to finish
Created Ferret index in: /home/ben/development/forgetmenot/index/development/contact
rebuild index: []
reindexing model Contact
reindex model Contact : 0.00% complete : 0.02 secs to finish
Created Ferret index in: /home/ben/development/forgetmenot/index/development/contact
rebuild index: []
reindexing model Contact
reindex model Contact : 0.00% complete : 0.02 secs to finish
Created Ferret index in: /home/ben/development/forgetmenot/index/development/contact
rebuild index: []
reindexing model Contact
reindex model Contact : 0.00% complete : 0.04 secs to finish
Created Ferret index in: /home/ben/development/forgetmenot/index/development/contact
rebuild index: []
reindexing model Contact
reindex model Contact : 0.00% complete : 0.02 secs to finish
Created Ferret index in: /home/ben/development/forgetmenot/index/development/contact
rebuild index: []
reindexing model Contact
reindex model Contact : 0.00% complete : 0.02 secs to finish
Created Ferret index in: /home/ben/development/forgetmenot/index/development/contact
rebuild index: []
reindexing model Contact
reindex model Contact : 0.00% complete : 0.02 secs to finish
Created Ferret index in: /home/ben/development/forgetmenot/index/development/contact
rebuild index: []
reindexing model Contact
reindex model Contact : 0.00% complete : 0.03 secs to finish
Created Ferret index in: /home/ben/development/forgetmenot/index/development/contact
rebuild index: []
reindexing model Contact
reindex model Contact : 0.00% complete : 0.01 secs to finish
Created Ferret index in: /home/ben/development/forgetmenot/index/development/contact
rebuild index: []
reindexing model Contact
reindex model Contact : 0.00% complete : 0.03 secs to finish
Created Ferret index in: /home/ben/development/forgetmenot/index/development/contact
rebuild index: []
reindexing model Contact
reindex model Contact : 0.00% complete : 0.02 secs to finish
Created Ferret index in: /home/ben/development/forgetmenot/index/development/contact
rebuild index: []
reindexing model Contact
reindex model Contact : 0.00% complete : 0.04 secs to finish
Created Ferret index in: /home/ben/development/forgetmenot/index/development/contact
rebuild index: []
reindexing model Contact
reindex model Contact : 0.00% complete : 0.03 secs to finish
Created Ferret index in: /home/ben/development/forgetmenot/index/development/contact
rebuild index: []
reindexing model Contact
reindex model Contact : 0.00% complete : 0.15 secs to finish
Created Ferret index in: /home/ben/development/forgetmenot/index/development/contact
rebuild index: []
reindexing model Contact
reindex model Contact : 0.00% complete : 0.04 secs to finish
Created Ferret index in: /home/ben/development/forgetmenot/index/development/contact
rebuild index: []
reindexing model Contact
reindex model Contact : 0.00% complete : 0.16 secs to finish
Created Ferret index in: /home/ben/development/forgetmenot/index/development/contact
rebuild index: []
reindexing model Contact
reindex model Contact : 0.00% complete : 0.04 secs to finish
Created Ferret index in: /home/ben/development/forgetmenot/index/development/contact
rebuild index: []
reindexing model Contact
reindex model Contact : 0.00% complete : 0.16 secs to finish
Created Ferret index in: /home/ben/development/forgetmenot/index/development/contact
rebuild index: []
reindexing model Contact
reindex model Contact : 0.00% complete : 0.16 secs to finish
Created Ferret index in: /home/ben/development/forgetmenot/index/development/contact
rebuild index: []
reindexing model Contact
reindex model Contact : 0.00% complete : 0.06 secs to finish
Created Ferret index in: /home/ben/development/forgetmenot/index/development/contact
rebuild index: []
reindexing model Contact
reindex model Contact : 0.00% complete : 0.25 secs to finish
Created Ferret index in: /home/ben/development/forgetmenot/index/development/contact
rebuild index: []
reindexing model Contact
reindex model Contact : 0.00% complete : 0.07 secs to finish
Created Ferret index in: /home/ben/development/forgetmenot/index/development/contact
rebuild index: []
reindexing model Contact
reindex model Contact : 0.00% complete : 0.43 secs to finish
Created Ferret index in: /home/ben/development/forgetmenot/index/development/contact
rebuild index: []
reindexing model Contact
reindex model Contact : 0.00% complete : 0.04 secs to finish
Created Ferret index in: /home/ben/development/forgetmenot/index/development/contact
rebuild index: []
reindexing model Contact
reindex model Contact : 0.00% complete : 0.17 secs to finish
Created Ferret index in: /home/ben/development/forgetmenot/index/development/contact
rebuild index: []
reindexing model Contact
reindex model Contact : 0.00% complete : 0.16 secs to finish
Created Ferret index in: /home/ben/development/forgetmenot/index/development/contact
rebuild index: []
reindexing model Contact
reindex model Contact : 0.00% complete : 0.07 secs to finish
Created Ferret index in: /home/ben/development/forgetmenot/index/development/contact
rebuild index: []
reindexing model Contact
reindex model Contact : 0.00% complete : 0.04 secs to finish
Created Ferret index in: /home/ben/development/forgetmenot/index/development/contact
query: other_phone:ben address_id:ben mobile_phone:ben contact_id:ben last_name:ben address2_id:ben lead_source_id:ben group:ben postcode:ben home_phone:ben do_not_email:ben title:ben work_phone:ben parent_group:ben zip:ben email:ben first_name:ben fax:ben phone_number:ben do_not_phone:ben notes:ben
stored_fields: 
rebuild index: []
reindexing model Contact
reindex model Contact : 0.00% complete : 0.06 secs to finish
Created Ferret index in: /home/ben/development/forgetmenot/index/development/contact
query: other_phone:ben address_id:ben mobile_phone:ben contact_id:ben last_name:ben address2_id:ben lead_source_id:ben group:ben postcode:ben home_phone:ben do_not_email:ben title:ben work_phone:ben parent_group:ben zip:ben email:ben first_name:ben fax:ben phone_number:ben do_not_phone:ben notes:ben
stored_fields: 
rebuild index: []
reindexing model Contact
reindex model Contact : 0.00% complete : 0.06 secs to finish
Created Ferret index in: /home/ben/development/forgetmenot/index/development/contact
query: other_phone:ben address_id:ben mobile_phone:ben contact_id:ben last_name:ben address2_id:ben lead_source_id:ben group:ben postcode:ben home_phone:ben do_not_email:ben title:ben work_phone:ben parent_group:ben zip:ben email:ben first_name:ben fax:ben phone_number:ben do_not_phone:ben notes:ben
stored_fields: 
rebuild index: []
reindexing model Contact
reindex model Contact : 0.00% complete : 0.15 secs to finish
Created Ferret index in: /home/ben/development/forgetmenot/index/development/contact
query: contact_id:ben address_id:ben mobile_phone:ben title:ben postcode:ben address2_id:ben lead_source_id:ben parent_group:ben home_phone:ben group:ben do_not_email:ben last_name:ben work_phone:ben fax:ben zip:ben email:ben phone_number:ben first_name:ben do_not_phone:ben notes:ben other_phone:ben
stored_fields: 
rebuild index: []
reindexing model Contact
reindex model Contact : 0.00% complete : 0.06 secs to finish
Created Ferret index in: /home/ben/development/forgetmenot/index/development/contact
rebuild index: []
reindexing model Contact
reindex model Contact : 0.00% complete : 0.05 secs to finish
Created Ferret index in: /home/ben/development/forgetmenot/index/development/contact
rebuild index: []
reindexing model Contact
reindex model Contact : 0.00% complete : 0.06 secs to finish
Created Ferret index in: /home/ben/development/forgetmenot/index/development/contact
query: contact_id:ben address_id:ben mobile_phone:ben title:ben postcode:ben address2_id:ben lead_source_id:ben parent_group:ben home_phone:ben group:ben do_not_email:ben last_name:ben work_phone:ben fax:ben zip:ben email:ben phone_number:ben first_name:ben do_not_phone:ben notes:ben other_phone:ben
stored_fields: 
query: contact_id:ben address_id:ben mobile_phone:ben title:ben postcode:ben address2_id:ben lead_source_id:ben parent_group:ben home_phone:ben group:ben do_not_email:ben last_name:ben work_phone:ben fax:ben zip:ben email:ben phone_number:ben first_name:ben do_not_phone:ben notes:ben other_phone:ben
stored_fields: 
rebuild index: []
reindexing model Contact
reindex model Contact : 0.00% complete : 0.16 secs to finish
Created Ferret index in: /home/ben/development/forgetmenot/index/development/contact
query: fax:ben phone_number:ben title:ben first_name:ben do_not_phone:ben notes:ben other_phone:ben group:ben contact_id:ben last_name:ben address_id:ben mobile_phone:ben postcode:ben zip:ben email:ben address2_id:ben lead_source_id:ben parent_group:ben home_phone:ben do_not_email:ben work_phone:ben
stored_fields: 
query: fax:ben phone_number:ben title:ben first_name:ben do_not_phone:ben notes:ben other_phone:ben group:ben contact_id:ben last_name:ben address_id:ben mobile_phone:ben postcode:ben zip:ben email:ben address2_id:ben lead_source_id:ben parent_group:ben home_phone:ben do_not_email:ben work_phone:ben
stored_fields: 
rebuild index: []
reindexing model Contact
reindex model Contact : 0.00% complete : 0.08 secs to finish
Created Ferret index in: /home/ben/development/forgetmenot/index/development/contact
rebuild index: []
reindexing model Contact
reindex model Contact : 0.00% complete : 0.17 secs to finish
Created Ferret index in: /home/ben/development/forgetmenot/index/development/contact
query: other_phone:ben address_id:ben mobile_phone:ben contact_id:ben last_name:ben address2_id:ben lead_source_id:ben group:ben postcode:ben home_phone:ben do_not_email:ben title:ben work_phone:ben parent_group:ben zip:ben email:ben first_name:ben fax:ben phone_number:ben do_not_phone:ben notes:ben
stored_fields: 
query: fax:ben phone_number:ben title:ben first_name:ben do_not_phone:ben notes:ben other_phone:ben group:ben contact_id:ben last_name:ben address_id:ben mobile_phone:ben postcode:ben zip:ben email:ben address2_id:ben lead_source_id:ben parent_group:ben home_phone:ben do_not_email:ben work_phone:ben
stored_fields: 
rebuild index: []
reindexing model Contact
reindex model Contact : 0.00% complete : 0.16 secs to finish
Created Ferret index in: /home/ben/development/forgetmenot/index/development/contact
query: fax:ben phone_number:ben title:ben first_name:ben do_not_phone:ben notes:ben other_phone:ben group:ben contact_id:ben last_name:ben address_id:ben mobile_phone:ben postcode:ben zip:ben email:ben address2_id:ben lead_source_id:ben parent_group:ben home_phone:ben do_not_email:ben work_phone:ben
stored_fields: 
rebuild index: []
reindexing model Contact
reindex model Contact : 0.00% complete : 0.07 secs to finish
Created Ferret index in: /home/ben/development/forgetmenot/index/development/contact
query: other_phone:ben address_id:ben mobile_phone:ben contact_id:ben last_name:ben address2_id:ben lead_source_id:ben group:ben postcode:ben home_phone:ben do_not_email:ben title:ben work_phone:ben parent_group:ben zip:ben email:ben first_name:ben fax:ben phone_number:ben do_not_phone:ben notes:ben
stored_fields: 
rebuild index: []
reindexing model Contact
reindex model Contact : 0.00% complete : 0.07 secs to finish
Created Ferret index in: /home/ben/development/forgetmenot/index/development/contact
query: other_phone:ben address_id:ben mobile_phone:ben contact_id:ben last_name:ben address2_id:ben lead_source_id:ben group:ben postcode:ben home_phone:ben do_not_email:ben title:ben work_phone:ben parent_group:ben zip:ben email:ben first_name:ben fax:ben phone_number:ben do_not_phone:ben notes:ben
stored_fields: 
rebuild index: []
reindexing model Contact
reindex model Contact : 0.00% complete : 0.06 secs to finish
Created Ferret index in: /home/ben/development/forgetmenot/index/development/contact
query: other_phone:ben address_id:ben mobile_phone:ben contact_id:ben last_name:ben address2_id:ben lead_source_id:ben group:ben postcode:ben home_phone:ben do_not_email:ben title:ben work_phone:ben parent_group:ben zip:ben email:ben first_name:ben fax:ben phone_number:ben do_not_phone:ben notes:ben
stored_fields: 
rebuild index: []
reindexing model Contact
reindex model Contact : 0.00% complete : 0.08 secs to finish
Created Ferret index in: /home/ben/development/forgetmenot/index/development/contact
rebuild index: []
reindexing model Contact
reindex model Contact : 0.00% complete : 0.40 secs to finish
Created Ferret index in: /home/ben/development/forgetmenot/index/development/contact
rebuild index: []
reindexing model Contact
reindex model Contact : 0.00% complete : 0.17 secs to finish
Created Ferret index in: /home/ben/development/forgetmenot/index/development/contact
rebuild index: []
reindexing model Contact
reindex model Contact : 0.00% complete : 0.05 secs to finish
Created Ferret index in: /home/ben/development/forgetmenot/index/development/contact
query: other_phone:ben address_id:ben mobile_phone:ben contact_id:ben last_name:ben address2_id:ben lead_source_id:ben group:ben postcode:ben home_phone:ben do_not_email:ben title:ben work_phone:ben parent_group:ben zip:ben email:ben first_name:ben fax:ben phone_number:ben do_not_phone:ben notes:ben
stored_fields: 
rebuild index: []
reindexing model Contact
reindex model Contact : 0.00% complete : 0.17 secs to finish
Created Ferret index in: /home/ben/development/forgetmenot/index/development/contact
rebuild index: []
reindexing model Contact
reindex model Contact : 0.00% complete : 0.05 secs to finish
Created Ferret index in: /home/ben/development/forgetmenot/index/development/contact
query: other_phone:ben address_id:ben mobile_phone:ben contact_id:ben last_name:ben address2_id:ben lead_source_id:ben group:ben postcode:ben home_phone:ben do_not_email:ben title:ben work_phone:ben parent_group:ben zip:ben email:ben first_name:ben fax:ben phone_number:ben do_not_phone:ben notes:ben
stored_fields: 
rebuild index: []
reindexing model Contact
reindex model Contact : 0.00% complete : 0.07 secs to finish
Created Ferret index in: /home/ben/development/forgetmenot/index/development/contact
query: other_phone:ben address_id:ben mobile_phone:ben contact_id:ben last_name:ben address2_id:ben lead_source_id:ben group:ben postcode:ben home_phone:ben do_not_email:ben title:ben work_phone:ben parent_group:ben zip:ben email:ben first_name:ben fax:ben phone_number:ben do_not_phone:ben notes:ben
stored_fields: 
rebuild index: []
reindexing model Contact
reindex model Contact : 0.00% complete : 0.07 secs to finish
Created Ferret index in: /home/ben/development/forgetmenot/index/development/contact
rebuild index: []
reindexing model Contact
reindex model Contact : 0.00% complete : 0.20 secs to finish
Created Ferret index in: /home/ben/development/forgetmenot/index/development/contact
rebuild index: []
reindexing model Contact
reindex model Contact : 0.00% complete : 0.05 secs to finish
Created Ferret index in: /home/ben/development/forgetmenot/index/development/contact
rebuild index: []
reindexing model Contact
reindex model Contact : 0.00% complete : 0.19 secs to finish
Created Ferret index in: /home/ben/development/forgetmenot/index/development/contact
rebuild index: []
reindexing model Contact
reindex model Contact : 0.00% complete : 0.20 secs to finish
Created Ferret index in: /home/ben/development/forgetmenot/index/development/contact
rebuild index: []
reindexing model Contact
reindex model Contact : 0.00% complete : 0.07 secs to finish
Created Ferret index in: /home/ben/development/forgetmenot/index/development/contact
rebuild index: []
reindexing model Contact
reindex model Contact : 0.00% complete : 0.16 secs to finish
Created Ferret index in: /home/ben/development/forgetmenot/index/development/contact
query: other_phone:ben address_id:ben mobile_phone:ben contact_id:ben last_name:ben address2_id:ben lead_source_id:ben group:ben postcode:ben home_phone:ben do_not_email:ben title:ben work_phone:ben parent_group:ben zip:ben email:ben first_name:ben fax:ben phone_number:ben do_not_phone:ben notes:ben
stored_fields: 
